TN:
SF:client\src\App.jsx
FN:5,App
FNF:1
FNH:1
FNDA:1,App
DA:6,1
LF:1
LH:1
BRF:0
BRH:0
end_of_record
TN:
SF:client\src\components\Button.jsx
FN:4,Button
FNF:1
FNH:1
FNDA:13,Button
DA:5,13
DA:6,13
DA:7,13
DA:10,13
LF:4
LH:4
BRDA:4,0,0,10
BRDA:4,1,0,10
BRDA:4,2,0,11
BRDA:4,3,0,12
BRDA:7,4,0,2
BRDA:7,4,1,11
BRF:6
BRH:6
end_of_record
TN:
SF:server\src\app.js
FNF:0
FNH:0
DA:1,1
DA:2,1
DA:4,1
DA:5,1
DA:6,1
DA:8,1
LF:6
LH:6
BRF:0
BRH:0
end_of_record
TN:
SF:server\src\controllers\postController.js
FN:5,(anonymous_0)
FN:26,(anonymous_1)
FN:44,(anonymous_2)
FN:55,(anonymous_3)
FN:77,(anonymous_4)
FNF:5
FNH:5
FNDA:2,(anonymous_0)
FNDA:4,(anonymous_1)
FNDA:2,(anonymous_2)
FNDA:2,(anonymous_3)
FNDA:1,(anonymous_4)
DA:2,1
DA:5,1
DA:6,2
DA:7,2
DA:8,2
DA:9,1
DA:11,1
DA:19,1
DA:21,0
DA:26,1
DA:27,4
DA:28,4
DA:29,4
DA:30,4
DA:32,4
DA:37,4
DA:39,0
DA:44,1
DA:45,2
DA:46,2
DA:47,2
DA:48,1
DA:50,0
DA:55,1
DA:56,2
DA:57,2
DA:58,2
DA:60,2
DA:61,1
DA:64,1
DA:70,1
DA:72,0
DA:77,1
DA:78,1
DA:80,1
DA:81,1
DA:84,1
DA:87,1
DA:88,0
DA:92,1
DA:95,1
DA:97,0
DA:101,1
LF:43
LH:37
BRDA:8,0,0,1
BRDA:8,0,1,1
BRDA:8,1,0,2
BRDA:8,1,1,1
BRDA:28,2,0,2
BRDA:28,3,0,2
BRDA:30,4,0,1
BRDA:30,4,1,3
BRDA:47,5,0,1
BRDA:47,5,1,1
BRDA:58,6,0,0
BRDA:58,6,1,2
BRDA:60,7,0,1
BRDA:60,7,1,1
BRDA:81,8,0,0
BRDA:81,8,1,1
BRDA:84,9,0,0
BRDA:84,9,1,1
BRDA:87,10,0,0
BRDA:87,10,1,1
BRF:20
BRH:16
end_of_record
TN:
SF:server\src\models\Post.js
FNF:0
FNH:0
DA:1,1
DA:4,1
DA:13,1
LF:3
LH:3
BRF:0
BRH:0
end_of_record
TN:
SF:server\src\models\User.js
FN:12,(anonymous_0)
FNF:1
FNH:1
FNDA:2,(anonymous_0)
DA:1,1
DA:2,1
DA:5,1
DA:12,1
DA:13,2
DA:14,2
DA:15,2
DA:16,2
DA:20,1
LF:9
LH:9
BRDA:13,0,0,0
BRDA:13,0,1,2
BRF:2
BRH:1
end_of_record
TN:
SF:server\src\routes\postRoutes.js
FNF:0
FNH:0
DA:2,1
DA:3,1
DA:10,1
DA:12,1
DA:14,1
DA:15,1
DA:16,1
DA:17,1
DA:18,1
DA:20,1
LF:10
LH:10
BRF:0
BRH:0
end_of_record
TN:
SF:server\src\utils\auth.js
FN:8,(anonymous_0)
FN:13,(anonymous_1)
FNF:2
FNH:2
FNDA:2,(anonymous_0)
FNDA:8,(anonymous_1)
DA:5,1
DA:8,1
DA:9,2
DA:13,1
DA:17,8
DA:18,5
DA:19,5
DA:22,5
DA:25,5
DA:27,5
DA:28,0
DA:31,5
DA:33,0
DA:34,0
DA:39,3
DA:40,3
LF:16
LH:13
BRDA:5,0,0,1
BRDA:5,0,1,1
BRDA:17,1,0,5
BRDA:17,1,1,3
BRDA:17,2,0,8
BRDA:17,2,1,5
BRDA:27,3,0,0
BRDA:27,3,1,5
BRDA:39,4,0,3
BRDA:39,4,1,0
BRF:10
BRH:8
end_of_record
